<?xml version="1.0" encoding="UTF-8"?>
<!-- Generated by org.testng.reporters.JUnitReportReporter -->
<testsuite hostname="LAPTOP-VQOMKS75" failures="0" tests="1" name="DynamicAPI.DynamicAPI" time="1.616" errors="0" timestamp="2025-09-21T13:18:43 IST" skipped="0">
  <testcase classname="DynamicAPI.DynamicAPI" name="testDynamicAPI" time="1.616"/>
</testsuite> <!-- DynamicAPI.DynamicAPI -->
