<?xml version="1.0" encoding="UTF-8"?>
<!-- Generated by org.testng.reporters.JUnitReportReporter -->
<testsuite hostname="LAPTOP-VQOMKS75" failures="0" tests="1" name="apiTesting.CopmlexApiTest" time="1.476" errors="0" timestamp="2025-09-21T12:08:24 IST" skipped="0">
  <testcase classname="apiTesting.CopmlexApiTest" name="apiTest" time="1.476"/>
</testsuite> <!-- apiTesting.CopmlexApiTest -->
