<?xml version="1.0" encoding="UTF-8"?>
<!-- Generated by org.testng.reporters.JUnitReportReporter -->
<testsuite hostname="LAPTOP-VQOMKS75" failures="0" tests="1" name="apiTesting.OAuthTesting" time="2.747" errors="0" timestamp="2025-09-22T09:26:49 IST" skipped="0">
  <testcase classname="apiTesting.OAuthTesting" name="testOauth" time="2.747"/>
</testsuite> <!-- apiTesting.OAuthTesting -->
